2022-09-15 02:28:35,259 - tnorm_latent_variables.py - INFO: 
 ['px, py1, py0:', 0.15607287043747553, 0.7242902213199307, 0.2225380047425356]
2022-09-15 02:28:35,260 - tnorm_latent_variables.py - INFO: 
 ['data:',    ~X | Y  ~X & ~Y  ~X  ~X & Y  X & ~Y  X | Y  X & Y  ~X | ~Y  ~Y  X | ~Y
0       0        0   0       0       1      1      0        1   1       1
1       1        1   1       0       0      0      0        1   1       1
2       1        0   0       0       0      1      1        0   0       1
3       1        0   0       0       0      1      1        0   0       1
4       1        0   0       0       0      1      1        0   0       1
5       0        0   0       0       1      1      0        1   1       1
6       1        1   1       0       0      0      0        1   1       1
7       1        0   0       0       0      1      1        0   0       1
8       1        0   0       0       0      1      1        0   0       1
9       1        0   1       1       0      1      0        1   0       0]
2022-09-15 02:28:35,276 - tnorm_latent_variables.py - INFO: 
 ['Training data: ',    ~X | Y  ~X & ~Y  ~X  ~X & Y  X & ~Y  X | Y  X & Y  ~X | ~Y  ~Y  X | ~Y
6       1        1   1       0       0      0      0        1   1       1
4       1        0   0       0       0      1      1        0   0       1
0       0        0   0       0       1      1      0        1   1       1
3       1        0   0       0       0      1      1        0   0       1
1       1        1   1       0       0      0      0        1   1       1
7       1        0   0       0       0      1      1        0   0       1
8       1        0   0       0       0      1      1        0   0       1
5       0        0   0       0       1      1      0        1   1       1]
2022-09-15 02:28:35,286 - tnorm_latent_variables.py - INFO: 
 ['Testing data: ',    ~X | Y  ~X & ~Y  ~X  ~X & Y  X & ~Y  X | Y  X & Y  ~X | ~Y  ~Y  X | ~Y
2       1        0   0       0       0      1      1        0   0       1
9       1        0   1       1       0      1      0        1   0       0]
2022-09-15 02:28:35,298 - tnorm_latent_variables.py - INFO: 
 ['Training shape:', (8, 10), 'Testing shape: ', (2, 10)]
