2022-09-15 02:27:28,015 - tnorm_latent_variables.py - INFO: 
 ['px, py1, py0:', 0.5069184643412625, 0.8885825630339501, 0.5357396619304067]
2022-09-15 02:27:28,015 - tnorm_latent_variables.py - INFO: 
 ['data:',    X | ~Y  X & ~Y  X & Y  X | Y  ~X & Y  ~X | ~Y  ~X & ~Y  ~X | Y  ~Y  ~X
0       1       0      1      1       0        0        0       1   0   0
1       1       1      0      1       0        1        0       0   1   0
2       1       1      0      1       0        1        0       0   1   0
3       1       1      0      1       0        1        0       0   1   0
4       1       0      0      0       0        1        1       1   1   1
5       1       0      0      0       0        1        1       1   1   1
6       1       0      0      0       0        1        1       1   1   1
7       1       1      0      1       0        1        0       0   1   0
8       1       0      0      0       0        1        1       1   1   1
9       1       0      1      1       0        0        0       1   0   0]
2022-09-15 02:27:28,028 - tnorm_latent_variables.py - INFO: 
 ['Training data: ',    X | ~Y  X & ~Y  X & Y  X | Y  ~X & Y  ~X | ~Y  ~X & ~Y  ~X | Y  ~Y  ~X
6       1       0      0      0       0        1        1       1   1   1
4       1       0      0      0       0        1        1       1   1   1
0       1       0      1      1       0        0        0       1   0   0
3       1       1      0      1       0        1        0       0   1   0
1       1       1      0      1       0        1        0       0   1   0
7       1       1      0      1       0        1        0       0   1   0
8       1       0      0      0       0        1        1       1   1   1
5       1       0      0      0       0        1        1       1   1   1]
2022-09-15 02:27:28,040 - tnorm_latent_variables.py - INFO: 
 ['Testing data: ',    X | ~Y  X & ~Y  X & Y  X | Y  ~X & Y  ~X | ~Y  ~X & ~Y  ~X | Y  ~Y  ~X
2       1       1      0      1       0        1        0       0   1   0
9       1       0      1      1       0        0        0       1   0   0]
2022-09-15 02:27:28,050 - tnorm_latent_variables.py - INFO: 
 ['Training shape:', (8, 10), 'Testing shape: ', (2, 10)]
