2022-09-15 02:24:32,290 - tnorm_latent_variables.py - INFO: 
 ['px, py1, py0:', 0.44316193018727545, 0.806573089482609, 0.837815033030562]
2022-09-15 02:24:32,291 - tnorm_latent_variables.py - INFO: 
 ['data:',     ~Y  ~X | Y  X | Y  X | ~Y  X & Y  ~X  ~X | ~Y  ~X & Y
0    1       1      0       1      0   1        1       0
1    1       1      0       1      0   1        1       0
2    1       0      1       1      0   0        1       0
3    1       0      1       1      0   0        1       0
4    1       0      1       1      0   0        1       0
..  ..     ...    ...     ...    ...  ..      ...     ...
95   1       0      1       1      0   0        1       0
96   1       1      0       1      0   1        1       0
97   1       1      0       1      0   1        1       0
98   1       0      1       1      0   0        1       0
99   1       1      0       1      0   1        1       0

[100 rows x 8 columns]]
2022-09-15 02:24:32,304 - tnorm_latent_variables.py - INFO: 
 ['Training data: ',     ~Y  ~X | Y  X | Y  X | ~Y  X & Y  ~X  ~X | ~Y  ~X & Y
2    1       0      1       1      0   0        1       0
73   1       1      0       1      0   1        1       0
97   1       1      0       1      0   1        1       0
62   1       1      0       1      0   1        1       0
19   1       0      1       1      0   0        1       0
..  ..     ...    ...     ...    ...  ..      ...     ...
75   1       1      0       1      0   1        1       0
9    1       0      1       1      0   0        1       0
72   1       0      1       1      0   0        1       0
12   0       1      1       0      0   1        1       1
37   1       1      0       1      0   1        1       0

[80 rows x 8 columns]]
2022-09-15 02:24:32,313 - tnorm_latent_variables.py - INFO: 
 ['Testing data: ',     ~Y  ~X | Y  X | Y  X | ~Y  X & Y  ~X  ~X | ~Y  ~X & Y
80   1       0      1       1      0   0        1       0
84   1       1      0       1      0   1        1       0
33   0       1      1       0      0   1        1       1
81   1       1      0       1      0   1        1       0
93   0       1      1       1      1   0        0       0
17   0       1      1       1      1   0        0       0
36   1       1      0       1      0   1        1       0
82   1       1      0       1      0   1        1       0
69   1       1      0       1      0   1        1       0
65   1       1      0       1      0   1        1       0
92   0       1      1       0      0   1        1       1
39   1       1      0       1      0   1        1       0
56   1       1      0       1      0   1        1       0
52   1       0      1       1      0   0        1       0
51   1       1      0       1      0   1        1       0
32   1       0      1       1      0   0        1       0
31   1       0      1       1      0   0        1       0
44   0       1      1       0      0   1        1       1
78   0       1      1       1      1   0        0       0
10   0       1      1       1      1   0        0       0]
2022-09-15 02:24:32,320 - tnorm_latent_variables.py - INFO: 
 ['Training shape:', (80, 8), 'Testing shape: ', (20, 8)]
2022-09-15 02:24:49,739 - tnorm_latent_variables.py - INFO: 
 ['px, py1, py0:', 0.7628722665029763, 0.12338181037047347, 0.23649414357708798]
2022-09-15 02:24:49,739 - tnorm_latent_variables.py - INFO: 
 ['data:',    ~X & Y  X | ~Y  ~Y  X & Y
0       1       0   0      0
1       0       1   0      1
2       1       0   0      0
3       0       1   0      1
4       1       0   0      0
5       1       0   0      0
6       0       1   1      0
7       0       1   0      1
8       1       0   0      0
9       1       0   0      0]
2022-09-15 02:24:49,746 - tnorm_latent_variables.py - INFO: 
 ['Training data: ',    ~X & Y  X | ~Y  ~Y  X & Y
6       0       1   1      0
4       1       0   0      0
0       1       0   0      0
3       0       1   0      1
1       0       1   0      1
7       0       1   0      1
8       1       0   0      0
5       1       0   0      0]
2022-09-15 02:24:49,751 - tnorm_latent_variables.py - INFO: 
 ['Testing data: ',    ~X & Y  X | ~Y  ~Y  X & Y
2       1       0   0      0
9       1       0   0      0]
2022-09-15 02:24:49,757 - tnorm_latent_variables.py - INFO: 
 ['Training shape:', (8, 4), 'Testing shape: ', (2, 4)]
