2022-09-15 02:23:21,463 - tnorm_latent_variables.py - INFO: 
 ['px, py1, py0:', 0.8360881838671488, 0.15904226758490458, 0.5302761365595756]
2022-09-15 02:23:21,463 - tnorm_latent_variables.py - INFO: 
 ['data:',     ~X  ~Y  X & ~Y  ~X | ~Y  X & Y  X | ~Y  ~X | Y  ~X & Y
0    1   0       0        1      0       0       1       1
1    1   0       0        1      0       0       1       1
2    1   0       0        1      0       0       1       1
3    1   0       0        1      0       0       1       1
4    1   0       0        1      0       0       1       1
..  ..  ..     ...      ...    ...     ...     ...     ...
95   0   1       1        1      0       1       0       0
96   0   0       0        0      1       1       1       0
97   1   0       0        1      0       0       1       1
98   1   0       0        1      0       0       1       1
99   0   0       0        0      1       1       1       0

[100 rows x 8 columns]]
2022-09-15 02:23:21,476 - tnorm_latent_variables.py - INFO: 
 ['Training data: ',     ~X  ~Y  X & ~Y  ~X | ~Y  X & Y  X | ~Y  ~X | Y  ~X & Y
2    1   0       0        1      0       0       1       1
73   1   0       0        1      0       0       1       1
97   1   0       0        1      0       0       1       1
62   1   0       0        1      0       0       1       1
19   1   1       0        1      0       1       1       0
..  ..  ..     ...      ...    ...     ...     ...     ...
75   0   0       0        0      1       1       1       0
9    1   1       0        1      0       1       1       0
72   1   0       0        1      0       0       1       1
12   0   1       1        1      0       1       0       0
37   1   0       0        1      0       0       1       1

[80 rows x 8 columns]]
2022-09-15 02:23:21,485 - tnorm_latent_variables.py - INFO: 
 ['Testing data: ',     ~X  ~Y  X & ~Y  ~X | ~Y  X & Y  X | ~Y  ~X | Y  ~X & Y
80   1   1       0        1      0       1       1       0
84   1   0       0        1      0       0       1       1
33   1   0       0        1      0       0       1       1
81   0   0       0        0      1       1       1       0
93   1   0       0        1      0       0       1       1
17   1   0       0        1      0       0       1       1
36   1   0       0        1      0       0       1       1
82   1   0       0        1      0       0       1       1
69   1   0       0        1      0       0       1       1
65   1   0       0        1      0       0       1       1
92   1   0       0        1      0       0       1       1
39   1   1       0        1      0       1       1       0
56   1   0       0        1      0       0       1       1
52   1   0       0        1      0       0       1       1
51   1   0       0        1      0       0       1       1
32   1   0       0        1      0       0       1       1
31   1   0       0        1      0       0       1       1
44   1   0       0        1      0       0       1       1
78   1   0       0        1      0       0       1       1
10   1   0       0        1      0       0       1       1]
2022-09-15 02:23:21,494 - tnorm_latent_variables.py - INFO: 
 ['Training shape:', (80, 8), 'Testing shape: ', (20, 8)]
