2022-09-15 02:25:43,957 - tnorm_latent_variables.py - INFO: 
 ['px, py1, py0:', 0.9101917558845647, 0.24944464405767042, 0.4025110660746102]
2022-09-15 02:25:43,957 - tnorm_latent_variables.py - INFO: 
 ['data:',    X & Y  ~X  ~X & Y  ~X | ~Y  X | ~Y  ~X | Y  ~Y  ~X & ~Y  X & ~Y  X | Y
0      0   1       1        1       0       1   0        0       0      1
1      1   0       0        0       1       1   0        0       0      1
2      0   1       1        1       0       1   0        0       0      1
3      0   1       1        1       0       1   0        0       0      1
4      0   0       0        1       1       0   1        0       1      1
5      1   0       0        0       1       1   0        0       0      1
6      0   1       1        1       0       1   0        0       0      1
7      0   1       1        1       0       1   0        0       0      1
8      1   0       0        0       1       1   0        0       0      1
9      0   1       1        1       0       1   0        0       0      1]
2022-09-15 02:25:43,969 - tnorm_latent_variables.py - INFO: 
 ['Training data: ',    X & Y  ~X  ~X & Y  ~X | ~Y  X | ~Y  ~X | Y  ~Y  ~X & ~Y  X & ~Y  X | Y
6      0   1       1        1       0       1   0        0       0      1
4      0   0       0        1       1       0   1        0       1      1
0      0   1       1        1       0       1   0        0       0      1
3      0   1       1        1       0       1   0        0       0      1
1      1   0       0        0       1       1   0        0       0      1
7      0   1       1        1       0       1   0        0       0      1
8      1   0       0        0       1       1   0        0       0      1
5      1   0       0        0       1       1   0        0       0      1]
2022-09-15 02:25:43,978 - tnorm_latent_variables.py - INFO: 
 ['Testing data: ',    X & Y  ~X  ~X & Y  ~X | ~Y  X | ~Y  ~X | Y  ~Y  ~X & ~Y  X & ~Y  X | Y
2      0   1       1        1       0       1   0        0       0      1
9      0   1       1        1       0       1   0        0       0      1]
2022-09-15 02:25:43,986 - tnorm_latent_variables.py - INFO: 
 ['Training shape:', (8, 10), 'Testing shape: ', (2, 10)]
